[2019-04-01 10:21:29] [info] Start Program:
Path:"C:\Users\Andreas-PC\source\repos\as5-6\Debug\as5-6.exe"
Arguments:
Working directory: "C:\Users\Andreas-PC\source\repos\as5-6\as5-6\"
Modules: Selected: C:\Users\Andreas-PC\source\repos\as5-6\Debug\as5-6.exe Excluded: 
Sources: Selected: C:\Users\Andreas-PC\source\repos\as5-6\as5-6 Excluded: 
Log Level: Normal
Cover Children: 0
Aggregate by file: 1
Continue after C++ exception: 0
Optimized build support: 0
Export: Binary C:\Users\Andreas-PC\AppData\Local\Temp\k1ivmjco.tue 
Input coverage: 
Unified diff: 
Excluded line regular expressions: 
Substitute pdb source paths: 

[2019-04-01 10:21:29] [info] Module: C:\Users\Andreas-PC\source\repos\as5-6\Debug\as5-6.exe is selected because it matches selected pattern: C:\Users\Andreas-PC\source\repos\as5-6\Debug\as5-6.exe
[2019-04-01 10:21:30] [info] ----------------------------------------------------
[2019-04-01 10:21:30] [info] Coverage binary generated in file: C:\Users\Andreas-PC\AppData\Local\Temp\k1ivmjco.tue
[2019-04-01 10:21:30] [info] ----------------------------------------------------
